2024-01-25 18:07:50,581 INFO PERFORMANCE:|serviceCount|ipCount|subscribeCount|maxPushCost|avgPushCost|totalPushCount|failPushCount

2024-01-25 18:07:50,582 INFO PERFORMANCE:|0|0|0|-1|-1|0|0

2024-01-25 18:07:50,583 INFO Task worker status: 
naming_0%4, pending tasks: 0
naming_1%4, pending tasks: 0
naming_2%4, pending tasks: 0
naming_3%4, pending tasks: 0


2024-01-25 18:08:50,588 INFO PERFORMANCE:|0|0|0|-1|-1|0|0

2024-01-25 18:08:50,588 INFO Task worker status: 
naming_0%4, pending tasks: 0
naming_1%4, pending tasks: 0
naming_2%4, pending tasks: 0
naming_3%4, pending tasks: 0


2024-01-25 18:09:50,595 INFO PERFORMANCE:|0|0|0|-1|-1|0|0

2024-01-25 18:09:50,595 INFO Task worker status: 
naming_0%4, pending tasks: 0
naming_1%4, pending tasks: 0
naming_2%4, pending tasks: 0
naming_3%4, pending tasks: 0


2024-01-25 18:10:50,601 INFO PERFORMANCE:|1|1|1|805|603|5|0

2024-01-25 18:10:50,601 INFO Task worker status: 
naming_0%4, pending tasks: 0
naming_1%4, pending tasks: 0
naming_2%4, pending tasks: 0
naming_3%4, pending tasks: 0


2024-01-25 18:11:50,607 INFO PERFORMANCE:|1|1|1|601|567|11|0

2024-01-25 18:11:50,607 INFO Task worker status: 
naming_0%4, pending tasks: 0
naming_1%4, pending tasks: 0
naming_2%4, pending tasks: 0
naming_3%4, pending tasks: 0


2024-01-25 18:12:50,612 INFO PERFORMANCE:|1|1|1|595|545|17|0

2024-01-25 18:12:50,612 INFO Task worker status: 
naming_0%4, pending tasks: 0
naming_1%4, pending tasks: 0
naming_2%4, pending tasks: 0
naming_3%4, pending tasks: 0


2024-01-25 18:13:50,616 INFO PERFORMANCE:|1|1|1|591|536|23|0

2024-01-25 18:13:50,617 INFO Task worker status: 
naming_0%4, pending tasks: 0
naming_1%4, pending tasks: 0
naming_2%4, pending tasks: 0
naming_3%4, pending tasks: 0


2024-01-25 18:14:50,620 INFO PERFORMANCE:|1|1|1|600|542|28|0

2024-01-25 18:14:50,621 INFO Task worker status: 
naming_0%4, pending tasks: 0
naming_1%4, pending tasks: 0
naming_2%4, pending tasks: 0
naming_3%4, pending tasks: 0


2024-01-25 18:15:50,623 INFO PERFORMANCE:|1|1|1|592|555|34|0

2024-01-25 18:15:50,623 INFO Task worker status: 
naming_0%4, pending tasks: 0
naming_1%4, pending tasks: 0
naming_2%4, pending tasks: 0
naming_3%4, pending tasks: 0


2024-01-25 18:16:50,627 INFO PERFORMANCE:|1|1|1|563|540|40|0

2024-01-25 18:16:50,627 INFO Task worker status: 
naming_0%4, pending tasks: 0
naming_1%4, pending tasks: 0
naming_2%4, pending tasks: 0
naming_3%4, pending tasks: 0


2024-01-25 18:17:50,632 INFO PERFORMANCE:|serviceCount|ipCount|subscribeCount|maxPushCost|avgPushCost|totalPushCount|failPushCount

2024-01-25 18:17:50,632 INFO PERFORMANCE:|1|1|1|600|566|46|0

2024-01-25 18:17:50,633 INFO Task worker status: 
naming_0%4, pending tasks: 0
naming_1%4, pending tasks: 0
naming_2%4, pending tasks: 0
naming_3%4, pending tasks: 0


2024-01-25 18:18:50,636 INFO PERFORMANCE:|1|1|1|589|547|52|0

2024-01-25 18:18:50,637 INFO Task worker status: 
naming_0%4, pending tasks: 0
naming_1%4, pending tasks: 0
naming_2%4, pending tasks: 0
naming_3%4, pending tasks: 0


2024-01-25 18:19:50,642 INFO PERFORMANCE:|1|1|1|602|563|58|0

2024-01-25 18:19:50,644 INFO Task worker status: 
naming_0%4, pending tasks: 0
naming_1%4, pending tasks: 0
naming_2%4, pending tasks: 0
naming_3%4, pending tasks: 0


2024-01-25 18:20:50,649 INFO PERFORMANCE:|1|1|1|581|542|64|0

2024-01-25 18:20:50,650 INFO Task worker status: 
naming_0%4, pending tasks: 0
naming_1%4, pending tasks: 0
naming_2%4, pending tasks: 0
naming_3%4, pending tasks: 0


2024-01-25 18:21:50,655 INFO PERFORMANCE:|1|1|1|6573|1120|75|0

2024-01-25 18:21:50,659 INFO Task worker status: 
naming_0%4, pending tasks: 0
naming_1%4, pending tasks: 0
naming_2%4, pending tasks: 0
naming_3%4, pending tasks: 0


2024-01-25 18:22:50,667 INFO PERFORMANCE:|1|1|1|2267|720|87|0

2024-01-25 18:22:54,033 INFO Task worker status: 
naming_0%4, pending tasks: 0
naming_1%4, pending tasks: 0
naming_2%4, pending tasks: 0
naming_3%4, pending tasks: 0


2024-01-25 18:23:54,062 INFO PERFORMANCE:|1|1|1|3407|842|100|0

2024-01-25 18:23:54,062 INFO Task worker status: 
naming_0%4, pending tasks: 0
naming_1%4, pending tasks: 0
naming_2%4, pending tasks: 0
naming_3%4, pending tasks: 0


2024-01-25 18:24:54,064 INFO PERFORMANCE:|1|1|1|2849|734|112|0

2024-01-25 18:24:54,064 INFO Task worker status: 
naming_0%4, pending tasks: 0
naming_1%4, pending tasks: 0
naming_2%4, pending tasks: 0
naming_3%4, pending tasks: 0


2024-01-25 18:25:54,067 INFO PERFORMANCE:|1|1|1|4746|910|124|0

2024-01-25 18:25:54,067 INFO Task worker status: 
naming_0%4, pending tasks: 0
naming_1%4, pending tasks: 0
naming_2%4, pending tasks: 0
naming_3%4, pending tasks: 0


2024-01-25 18:26:54,071 INFO PERFORMANCE:|1|1|1|599|562|136|0

2024-01-25 18:26:54,072 INFO Task worker status: 
naming_0%4, pending tasks: 0
naming_1%4, pending tasks: 0
naming_2%4, pending tasks: 0
naming_3%4, pending tasks: 0


2024-01-25 18:27:54,077 INFO PERFORMANCE:|serviceCount|ipCount|subscribeCount|maxPushCost|avgPushCost|totalPushCount|failPushCount

2024-01-25 18:27:54,078 INFO PERFORMANCE:|1|1|1|602|562|148|0

2024-01-25 18:27:54,078 INFO Task worker status: 
naming_0%4, pending tasks: 0
naming_1%4, pending tasks: 0
naming_2%4, pending tasks: 0
naming_3%4, pending tasks: 0


2024-01-25 18:28:54,079 INFO PERFORMANCE:|1|1|1|604|564|160|0

2024-01-25 18:28:54,080 INFO Task worker status: 
naming_0%4, pending tasks: 0
naming_1%4, pending tasks: 0
naming_2%4, pending tasks: 0
naming_3%4, pending tasks: 0


2024-01-25 18:29:54,083 INFO PERFORMANCE:|1|1|1|2273|704|172|0

2024-01-25 18:29:54,083 INFO Task worker status: 
naming_0%4, pending tasks: 0
naming_1%4, pending tasks: 0
naming_2%4, pending tasks: 0
naming_3%4, pending tasks: 0


2024-01-25 18:30:54,088 INFO PERFORMANCE:|1|1|1|604|548|184|0

2024-01-25 18:30:54,089 INFO Task worker status: 
naming_0%4, pending tasks: 0
naming_1%4, pending tasks: 0
naming_2%4, pending tasks: 0
naming_3%4, pending tasks: 0


2024-01-25 18:31:54,093 INFO PERFORMANCE:|1|1|1|604|565|196|0

2024-01-25 18:31:54,093 INFO Task worker status: 
naming_0%4, pending tasks: 0
naming_1%4, pending tasks: 0
naming_2%4, pending tasks: 0
naming_3%4, pending tasks: 0


2024-01-25 18:32:54,099 INFO PERFORMANCE:|1|1|1|609|565|208|0

2024-01-25 18:32:54,100 INFO Task worker status: 
naming_0%4, pending tasks: 0
naming_1%4, pending tasks: 0
naming_2%4, pending tasks: 0
naming_3%4, pending tasks: 0


2024-01-25 18:33:54,105 INFO PERFORMANCE:|1|1|1|597|550|220|0

2024-01-25 18:33:54,106 INFO Task worker status: 
naming_0%4, pending tasks: 0
naming_1%4, pending tasks: 0
naming_2%4, pending tasks: 0
naming_3%4, pending tasks: 0


2024-01-25 18:34:54,108 INFO PERFORMANCE:|1|1|1|575|556|232|0

2024-01-25 18:34:54,108 INFO Task worker status: 
naming_0%4, pending tasks: 0
naming_1%4, pending tasks: 0
naming_2%4, pending tasks: 0
naming_3%4, pending tasks: 0


2024-01-25 18:35:54,112 INFO PERFORMANCE:|1|1|1|598|550|244|0

2024-01-25 18:35:54,112 INFO Task worker status: 
naming_0%4, pending tasks: 0
naming_1%4, pending tasks: 0
naming_2%4, pending tasks: 0
naming_3%4, pending tasks: 0


2024-01-25 18:36:54,118 INFO PERFORMANCE:|1|1|1|570|543|256|0

2024-01-25 18:36:54,118 INFO Task worker status: 
naming_0%4, pending tasks: 0
naming_1%4, pending tasks: 0
naming_2%4, pending tasks: 0
naming_3%4, pending tasks: 0


2024-01-25 18:37:54,123 INFO PERFORMANCE:|serviceCount|ipCount|subscribeCount|maxPushCost|avgPushCost|totalPushCount|failPushCount

2024-01-25 18:37:54,124 INFO PERFORMANCE:|1|1|1|597|558|268|0

2024-01-25 18:37:54,124 INFO Task worker status: 
naming_0%4, pending tasks: 0
naming_1%4, pending tasks: 0
naming_2%4, pending tasks: 0
naming_3%4, pending tasks: 0


2024-01-25 18:38:54,127 INFO PERFORMANCE:|1|1|1|609|549|280|0

2024-01-25 18:38:54,127 INFO Task worker status: 
naming_0%4, pending tasks: 0
naming_1%4, pending tasks: 0
naming_2%4, pending tasks: 0
naming_3%4, pending tasks: 0


2024-01-25 18:39:54,132 INFO PERFORMANCE:|1|1|1|601|538|291|0

2024-01-25 18:39:54,132 INFO Task worker status: 
naming_0%4, pending tasks: 0
naming_1%4, pending tasks: 0
naming_2%4, pending tasks: 0
naming_3%4, pending tasks: 0


2024-01-25 18:40:54,133 INFO PERFORMANCE:|1|1|1|600|539|303|0

2024-01-25 18:40:54,134 INFO Task worker status: 
naming_0%4, pending tasks: 0
naming_1%4, pending tasks: 0
naming_2%4, pending tasks: 0
naming_3%4, pending tasks: 0


2024-01-25 18:41:54,140 INFO PERFORMANCE:|1|1|1|588|550|315|0

2024-01-25 18:41:54,146 INFO Task worker status: 
naming_0%4, pending tasks: 0
naming_1%4, pending tasks: 0
naming_2%4, pending tasks: 0
naming_3%4, pending tasks: 0


2024-01-25 18:42:54,153 INFO PERFORMANCE:|1|1|1|598|543|327|0

2024-01-25 18:42:54,154 INFO Task worker status: 
naming_0%4, pending tasks: 0
naming_1%4, pending tasks: 0
naming_2%4, pending tasks: 0
naming_3%4, pending tasks: 0


2024-01-25 18:43:54,160 INFO PERFORMANCE:|1|1|1|1305|621|339|0

2024-01-25 18:43:54,160 INFO Task worker status: 
naming_0%4, pending tasks: 0
naming_1%4, pending tasks: 0
naming_2%4, pending tasks: 0
naming_3%4, pending tasks: 0


2024-01-25 18:44:54,163 INFO PERFORMANCE:|1|1|1|620|556|351|0

2024-01-25 18:44:54,163 INFO Task worker status: 
naming_0%4, pending tasks: 0
naming_1%4, pending tasks: 0
naming_2%4, pending tasks: 0
naming_3%4, pending tasks: 0


2024-01-25 18:45:54,041 INFO PERFORMANCE:|1|1|1|590|557|363|0

2024-01-25 18:45:54,041 INFO Task worker status: 
naming_0%4, pending tasks: 0
naming_1%4, pending tasks: 0
naming_2%4, pending tasks: 0
naming_3%4, pending tasks: 0


2024-01-25 18:46:54,045 INFO PERFORMANCE:|1|0|0|572|560|369|1

2024-01-25 18:46:54,045 INFO Task worker status: 
naming_0%4, pending tasks: 0
naming_1%4, pending tasks: 0
naming_2%4, pending tasks: 0
naming_3%4, pending tasks: 0


2024-01-25 18:47:54,050 INFO PERFORMANCE:|serviceCount|ipCount|subscribeCount|maxPushCost|avgPushCost|totalPushCount|failPushCount

2024-01-25 18:47:54,051 INFO PERFORMANCE:|0|0|0|-1|-1|369|1

2024-01-25 18:47:54,051 INFO Task worker status: 
naming_0%4, pending tasks: 0
naming_1%4, pending tasks: 0
naming_2%4, pending tasks: 0
naming_3%4, pending tasks: 0


2024-01-25 18:48:54,054 INFO PERFORMANCE:|0|0|0|-1|-1|369|1

2024-01-25 18:48:54,056 INFO Task worker status: 
naming_0%4, pending tasks: 0
naming_1%4, pending tasks: 0
naming_2%4, pending tasks: 0
naming_3%4, pending tasks: 0


2024-01-25 18:49:54,059 INFO PERFORMANCE:|0|0|0|-1|-1|369|1

2024-01-25 18:49:54,059 INFO Task worker status: 
naming_0%4, pending tasks: 0
naming_1%4, pending tasks: 0
naming_2%4, pending tasks: 0
naming_3%4, pending tasks: 0


2024-01-25 18:50:54,062 INFO PERFORMANCE:|0|0|0|-1|-1|369|1

2024-01-25 18:50:54,062 INFO Task worker status: 
naming_0%4, pending tasks: 0
naming_1%4, pending tasks: 0
naming_2%4, pending tasks: 0
naming_3%4, pending tasks: 0


2024-01-25 18:51:54,066 INFO PERFORMANCE:|0|0|0|-1|-1|369|1

2024-01-25 18:51:54,066 INFO Task worker status: 
naming_0%4, pending tasks: 0
naming_1%4, pending tasks: 0
naming_2%4, pending tasks: 0
naming_3%4, pending tasks: 0


2024-01-25 18:52:54,069 INFO PERFORMANCE:|0|0|0|-1|-1|369|1

2024-01-25 18:52:54,069 INFO Task worker status: 
naming_0%4, pending tasks: 0
naming_1%4, pending tasks: 0
naming_2%4, pending tasks: 0
naming_3%4, pending tasks: 0


2024-01-25 18:53:54,073 INFO PERFORMANCE:|0|0|0|-1|-1|369|1

2024-01-25 18:53:54,074 INFO Task worker status: 
naming_0%4, pending tasks: 0
naming_1%4, pending tasks: 0
naming_2%4, pending tasks: 0
naming_3%4, pending tasks: 0


2024-01-25 18:54:54,075 INFO PERFORMANCE:|0|0|0|-1|-1|369|1

2024-01-25 18:54:54,075 INFO Task worker status: 
naming_0%4, pending tasks: 0
naming_1%4, pending tasks: 0
naming_2%4, pending tasks: 0
naming_3%4, pending tasks: 0


2024-01-25 18:55:54,078 INFO PERFORMANCE:|0|0|0|-1|-1|369|1

2024-01-25 18:55:54,081 INFO Task worker status: 
naming_0%4, pending tasks: 0
naming_1%4, pending tasks: 0
naming_2%4, pending tasks: 0
naming_3%4, pending tasks: 0


2024-01-25 18:56:54,085 INFO PERFORMANCE:|0|0|0|-1|-1|369|1

2024-01-25 18:56:54,085 INFO Task worker status: 
naming_0%4, pending tasks: 0
naming_1%4, pending tasks: 0
naming_2%4, pending tasks: 0
naming_3%4, pending tasks: 0


2024-01-25 18:57:54,088 INFO PERFORMANCE:|serviceCount|ipCount|subscribeCount|maxPushCost|avgPushCost|totalPushCount|failPushCount

2024-01-25 18:57:54,088 INFO PERFORMANCE:|0|0|0|-1|-1|369|1

2024-01-25 18:57:54,088 INFO Task worker status: 
naming_0%4, pending tasks: 0
naming_1%4, pending tasks: 0
naming_2%4, pending tasks: 0
naming_3%4, pending tasks: 0


2024-01-25 18:58:54,089 INFO PERFORMANCE:|0|0|0|-1|-1|369|1

2024-01-25 18:58:54,090 INFO Task worker status: 
naming_0%4, pending tasks: 0
naming_1%4, pending tasks: 0
naming_2%4, pending tasks: 0
naming_3%4, pending tasks: 0


2024-01-25 18:59:54,093 INFO PERFORMANCE:|0|0|0|-1|-1|369|1

2024-01-25 18:59:54,099 INFO Task worker status: 
naming_0%4, pending tasks: 0
naming_1%4, pending tasks: 0
naming_2%4, pending tasks: 0
naming_3%4, pending tasks: 0


2024-01-25 19:00:54,101 INFO PERFORMANCE:|0|0|0|-1|-1|369|1

2024-01-25 19:00:54,106 INFO Task worker status: 
naming_0%4, pending tasks: 0
naming_1%4, pending tasks: 0
naming_2%4, pending tasks: 0
naming_3%4, pending tasks: 0


2024-01-25 19:01:54,112 INFO PERFORMANCE:|0|0|0|-1|-1|369|1

2024-01-25 19:01:54,118 INFO Task worker status: 
naming_0%4, pending tasks: 0
naming_1%4, pending tasks: 0
naming_2%4, pending tasks: 0
naming_3%4, pending tasks: 0


2024-01-25 19:02:54,122 INFO PERFORMANCE:|0|0|0|-1|-1|369|1

2024-01-25 19:02:54,128 INFO Task worker status: 
naming_0%4, pending tasks: 0
naming_1%4, pending tasks: 0
naming_2%4, pending tasks: 0
naming_3%4, pending tasks: 0


2024-01-25 19:03:54,128 INFO PERFORMANCE:|0|0|0|-1|-1|369|1

2024-01-25 19:03:54,130 INFO Task worker status: 
naming_0%4, pending tasks: 0
naming_1%4, pending tasks: 0
naming_2%4, pending tasks: 0
naming_3%4, pending tasks: 0


2024-01-25 19:04:54,134 INFO PERFORMANCE:|0|0|0|-1|-1|369|1

2024-01-25 19:04:54,140 INFO Task worker status: 
naming_0%4, pending tasks: 0
naming_1%4, pending tasks: 0
naming_2%4, pending tasks: 0
naming_3%4, pending tasks: 0


2024-01-25 19:05:54,144 INFO PERFORMANCE:|0|0|0|-1|-1|369|1

2024-01-25 19:05:54,150 INFO Task worker status: 
naming_0%4, pending tasks: 0
naming_1%4, pending tasks: 0
naming_2%4, pending tasks: 0
naming_3%4, pending tasks: 0


2024-01-25 19:06:54,152 INFO PERFORMANCE:|0|0|0|-1|-1|369|1

2024-01-25 19:06:54,158 INFO Task worker status: 
naming_0%4, pending tasks: 0
naming_1%4, pending tasks: 0
naming_2%4, pending tasks: 0
naming_3%4, pending tasks: 0


2024-01-25 19:07:54,164 INFO PERFORMANCE:|serviceCount|ipCount|subscribeCount|maxPushCost|avgPushCost|totalPushCount|failPushCount

2024-01-25 19:07:54,170 INFO PERFORMANCE:|0|0|0|-1|-1|369|1

2024-01-25 19:07:54,170 INFO Task worker status: 
naming_0%4, pending tasks: 0
naming_1%4, pending tasks: 0
naming_2%4, pending tasks: 0
naming_3%4, pending tasks: 0


2024-01-25 19:08:54,173 INFO PERFORMANCE:|0|0|0|-1|-1|369|1

2024-01-25 19:08:54,174 INFO Task worker status: 
naming_0%4, pending tasks: 0
naming_1%4, pending tasks: 0
naming_2%4, pending tasks: 0
naming_3%4, pending tasks: 0


2024-01-25 19:09:54,178 INFO PERFORMANCE:|0|0|0|-1|-1|369|1

2024-01-25 19:09:54,184 INFO Task worker status: 
naming_0%4, pending tasks: 0
naming_1%4, pending tasks: 0
naming_2%4, pending tasks: 0
naming_3%4, pending tasks: 0


2024-01-25 19:10:54,189 INFO PERFORMANCE:|0|0|0|-1|-1|369|1

2024-01-25 19:10:54,190 INFO Task worker status: 
naming_0%4, pending tasks: 0
naming_1%4, pending tasks: 0
naming_2%4, pending tasks: 0
naming_3%4, pending tasks: 0


2024-01-25 19:11:54,195 INFO PERFORMANCE:|0|0|0|-1|-1|369|1

2024-01-25 19:11:54,201 INFO Task worker status: 
naming_0%4, pending tasks: 0
naming_1%4, pending tasks: 0
naming_2%4, pending tasks: 0
naming_3%4, pending tasks: 0


2024-01-25 19:12:54,205 INFO PERFORMANCE:|0|0|0|-1|-1|369|1

2024-01-25 19:12:54,207 INFO Task worker status: 
naming_0%4, pending tasks: 0
naming_1%4, pending tasks: 0
naming_2%4, pending tasks: 0
naming_3%4, pending tasks: 0


2024-01-25 19:13:54,213 INFO PERFORMANCE:|0|0|0|-1|-1|369|1

2024-01-25 19:13:54,215 INFO Task worker status: 
naming_0%4, pending tasks: 0
naming_1%4, pending tasks: 0
naming_2%4, pending tasks: 0
naming_3%4, pending tasks: 0


2024-01-25 19:14:54,217 INFO PERFORMANCE:|0|0|0|-1|-1|369|1

2024-01-25 19:14:54,222 INFO Task worker status: 
naming_0%4, pending tasks: 0
naming_1%4, pending tasks: 0
naming_2%4, pending tasks: 0
naming_3%4, pending tasks: 0


2024-01-25 19:15:54,223 INFO PERFORMANCE:|0|0|0|-1|-1|369|1

2024-01-25 19:15:54,224 INFO Task worker status: 
naming_0%4, pending tasks: 0
naming_1%4, pending tasks: 0
naming_2%4, pending tasks: 0
naming_3%4, pending tasks: 0


2024-01-25 19:16:54,228 INFO PERFORMANCE:|0|0|0|-1|-1|369|1

2024-01-25 19:16:54,234 INFO Task worker status: 
naming_0%4, pending tasks: 0
naming_1%4, pending tasks: 0
naming_2%4, pending tasks: 0
naming_3%4, pending tasks: 0


2024-01-25 19:17:54,238 INFO PERFORMANCE:|serviceCount|ipCount|subscribeCount|maxPushCost|avgPushCost|totalPushCount|failPushCount

2024-01-25 19:17:54,244 INFO PERFORMANCE:|0|0|0|-1|-1|369|1

2024-01-25 19:17:54,244 INFO Task worker status: 
naming_0%4, pending tasks: 0
naming_1%4, pending tasks: 0
naming_2%4, pending tasks: 0
naming_3%4, pending tasks: 0


2024-01-25 19:18:54,248 INFO PERFORMANCE:|0|0|0|-1|-1|369|1

2024-01-25 19:18:54,255 INFO Task worker status: 
naming_0%4, pending tasks: 0
naming_1%4, pending tasks: 0
naming_2%4, pending tasks: 0
naming_3%4, pending tasks: 0


2024-01-25 19:19:54,258 INFO PERFORMANCE:|0|0|0|-1|-1|369|1

2024-01-25 19:19:54,261 INFO Task worker status: 
naming_0%4, pending tasks: 0
naming_1%4, pending tasks: 0
naming_2%4, pending tasks: 0
naming_3%4, pending tasks: 0


2024-01-25 19:20:54,266 INFO PERFORMANCE:|0|0|0|-1|-1|369|1

2024-01-25 19:20:54,268 INFO Task worker status: 
naming_0%4, pending tasks: 0
naming_1%4, pending tasks: 0
naming_2%4, pending tasks: 0
naming_3%4, pending tasks: 0


2024-01-25 19:21:54,273 INFO PERFORMANCE:|0|0|0|-1|-1|369|1

2024-01-25 19:21:54,280 INFO Task worker status: 
naming_0%4, pending tasks: 0
naming_1%4, pending tasks: 0
naming_2%4, pending tasks: 0
naming_3%4, pending tasks: 0


2024-01-25 19:22:54,285 INFO PERFORMANCE:|0|0|0|-1|-1|369|1

2024-01-25 19:22:54,287 INFO Task worker status: 
naming_0%4, pending tasks: 0
naming_1%4, pending tasks: 0
naming_2%4, pending tasks: 0
naming_3%4, pending tasks: 0


2024-01-25 19:23:54,289 INFO PERFORMANCE:|0|0|0|-1|-1|369|1

2024-01-25 19:23:54,291 INFO Task worker status: 
naming_0%4, pending tasks: 0
naming_1%4, pending tasks: 0
naming_2%4, pending tasks: 0
naming_3%4, pending tasks: 0


2024-01-25 19:24:54,295 INFO PERFORMANCE:|0|0|0|-1|-1|369|1

2024-01-25 19:24:54,301 INFO Task worker status: 
naming_0%4, pending tasks: 0
naming_1%4, pending tasks: 0
naming_2%4, pending tasks: 0
naming_3%4, pending tasks: 0


2024-01-25 19:25:54,304 INFO PERFORMANCE:|0|0|0|-1|-1|369|1

2024-01-25 19:25:54,304 INFO Task worker status: 
naming_0%4, pending tasks: 0
naming_1%4, pending tasks: 0
naming_2%4, pending tasks: 0
naming_3%4, pending tasks: 0


2024-01-25 19:26:54,309 INFO PERFORMANCE:|0|0|0|-1|-1|369|1

2024-01-25 19:26:54,315 INFO Task worker status: 
naming_0%4, pending tasks: 0
naming_1%4, pending tasks: 0
naming_2%4, pending tasks: 0
naming_3%4, pending tasks: 0


2024-01-25 19:27:54,320 INFO PERFORMANCE:|serviceCount|ipCount|subscribeCount|maxPushCost|avgPushCost|totalPushCount|failPushCount

2024-01-25 19:27:54,326 INFO PERFORMANCE:|0|0|0|-1|-1|369|1

2024-01-25 19:27:54,326 INFO Task worker status: 
naming_0%4, pending tasks: 0
naming_1%4, pending tasks: 0
naming_2%4, pending tasks: 0
naming_3%4, pending tasks: 0


2024-01-25 19:28:54,328 INFO PERFORMANCE:|0|0|0|-1|-1|369|1

2024-01-25 19:28:54,334 INFO Task worker status: 
naming_0%4, pending tasks: 0
naming_1%4, pending tasks: 0
naming_2%4, pending tasks: 0
naming_3%4, pending tasks: 0


2024-01-25 19:29:54,335 INFO PERFORMANCE:|0|0|0|-1|-1|369|1

2024-01-25 19:29:54,341 INFO Task worker status: 
naming_0%4, pending tasks: 0
naming_1%4, pending tasks: 0
naming_2%4, pending tasks: 0
naming_3%4, pending tasks: 0


2024-01-25 19:30:54,345 INFO PERFORMANCE:|0|0|0|-1|-1|369|1

2024-01-25 19:30:54,351 INFO Task worker status: 
naming_0%4, pending tasks: 0
naming_1%4, pending tasks: 0
naming_2%4, pending tasks: 0
naming_3%4, pending tasks: 0


2024-01-25 19:31:54,355 INFO PERFORMANCE:|0|0|0|-1|-1|369|1

2024-01-25 19:31:54,361 INFO Task worker status: 
naming_0%4, pending tasks: 0
naming_1%4, pending tasks: 0
naming_2%4, pending tasks: 0
naming_3%4, pending tasks: 0


2024-01-25 19:32:54,365 INFO PERFORMANCE:|0|0|0|-1|-1|369|1

2024-01-25 19:32:54,370 INFO Task worker status: 
naming_0%4, pending tasks: 0
naming_1%4, pending tasks: 0
naming_2%4, pending tasks: 0
naming_3%4, pending tasks: 0


2024-01-25 19:33:54,376 INFO PERFORMANCE:|0|0|0|-1|-1|369|1

2024-01-25 19:33:54,377 INFO Task worker status: 
naming_0%4, pending tasks: 0
naming_1%4, pending tasks: 0
naming_2%4, pending tasks: 0
naming_3%4, pending tasks: 0


2024-01-25 19:34:54,382 INFO PERFORMANCE:|0|0|0|-1|-1|369|1

2024-01-25 19:34:54,384 INFO Task worker status: 
naming_0%4, pending tasks: 0
naming_1%4, pending tasks: 0
naming_2%4, pending tasks: 0
naming_3%4, pending tasks: 0


2024-01-25 19:35:54,387 INFO PERFORMANCE:|0|0|0|-1|-1|369|1

2024-01-25 19:35:54,389 INFO Task worker status: 
naming_0%4, pending tasks: 0
naming_1%4, pending tasks: 0
naming_2%4, pending tasks: 0
naming_3%4, pending tasks: 0


2024-01-25 19:36:54,393 INFO PERFORMANCE:|1|0|1|597|549|373|1

2024-01-25 19:36:54,395 INFO Task worker status: 
naming_0%4, pending tasks: 0
naming_1%4, pending tasks: 0
naming_2%4, pending tasks: 0
naming_3%4, pending tasks: 0


2024-01-25 19:37:54,399 INFO PERFORMANCE:|serviceCount|ipCount|subscribeCount|maxPushCost|avgPushCost|totalPushCount|failPushCount

2024-01-25 19:37:54,401 INFO PERFORMANCE:|0|0|0|-1|-1|373|2

2024-01-25 19:37:54,402 INFO Task worker status: 
naming_0%4, pending tasks: 0
naming_1%4, pending tasks: 0
naming_2%4, pending tasks: 0
naming_3%4, pending tasks: 0


2024-01-25 19:38:54,403 INFO PERFORMANCE:|0|0|0|-1|-1|373|2

2024-01-25 19:38:54,403 INFO Task worker status: 
naming_0%4, pending tasks: 0
naming_1%4, pending tasks: 0
naming_2%4, pending tasks: 0
naming_3%4, pending tasks: 0


2024-01-25 19:39:54,408 INFO PERFORMANCE:|0|0|0|-1|-1|373|2

2024-01-25 19:39:54,414 INFO Task worker status: 
naming_0%4, pending tasks: 0
naming_1%4, pending tasks: 0
naming_2%4, pending tasks: 0
naming_3%4, pending tasks: 0


2024-01-25 19:40:54,417 INFO PERFORMANCE:|0|0|0|-1|-1|373|2

2024-01-25 19:40:54,424 INFO Task worker status: 
naming_0%4, pending tasks: 0
naming_1%4, pending tasks: 0
naming_2%4, pending tasks: 0
naming_3%4, pending tasks: 0


2024-01-25 19:41:54,428 INFO PERFORMANCE:|0|0|0|-1|-1|373|2

2024-01-25 19:41:54,434 INFO Task worker status: 
naming_0%4, pending tasks: 0
naming_1%4, pending tasks: 0
naming_2%4, pending tasks: 0
naming_3%4, pending tasks: 0


2024-01-25 19:42:54,436 INFO PERFORMANCE:|0|0|0|-1|-1|373|2

2024-01-25 19:42:54,442 INFO Task worker status: 
naming_0%4, pending tasks: 0
naming_1%4, pending tasks: 0
naming_2%4, pending tasks: 0
naming_3%4, pending tasks: 0


2024-01-25 19:43:54,445 INFO PERFORMANCE:|0|0|0|-1|-1|373|2

2024-01-25 19:43:54,451 INFO Task worker status: 
naming_0%4, pending tasks: 0
naming_1%4, pending tasks: 0
naming_2%4, pending tasks: 0
naming_3%4, pending tasks: 0


2024-01-25 19:44:54,451 INFO PERFORMANCE:|0|0|0|-1|-1|373|2

2024-01-25 19:44:54,452 INFO Task worker status: 
naming_0%4, pending tasks: 0
naming_1%4, pending tasks: 0
naming_2%4, pending tasks: 0
naming_3%4, pending tasks: 0


2024-01-25 19:45:54,454 INFO PERFORMANCE:|0|0|0|-1|-1|373|2

2024-01-25 19:45:54,456 INFO Task worker status: 
naming_0%4, pending tasks: 0
naming_1%4, pending tasks: 0
naming_2%4, pending tasks: 0
naming_3%4, pending tasks: 0


2024-01-25 19:46:54,460 INFO PERFORMANCE:|0|0|0|-1|-1|373|2

2024-01-25 19:46:54,466 INFO Task worker status: 
naming_0%4, pending tasks: 0
naming_1%4, pending tasks: 0
naming_2%4, pending tasks: 0
naming_3%4, pending tasks: 0


2024-01-25 19:47:54,470 INFO PERFORMANCE:|serviceCount|ipCount|subscribeCount|maxPushCost|avgPushCost|totalPushCount|failPushCount

2024-01-25 19:47:54,472 INFO PERFORMANCE:|0|0|0|-1|-1|373|2

2024-01-25 19:47:54,472 INFO Task worker status: 
naming_0%4, pending tasks: 0
naming_1%4, pending tasks: 0
naming_2%4, pending tasks: 0
naming_3%4, pending tasks: 0


2024-01-25 19:48:54,475 INFO PERFORMANCE:|1|1|1|581|557|380|2

2024-01-25 19:48:54,476 INFO Task worker status: 
naming_0%4, pending tasks: 0
naming_1%4, pending tasks: 0
naming_2%4, pending tasks: 0
naming_3%4, pending tasks: 0


2024-01-25 19:49:54,481 INFO PERFORMANCE:|1|1|1|608|579|386|2

2024-01-25 19:49:54,483 INFO Task worker status: 
naming_0%4, pending tasks: 0
naming_1%4, pending tasks: 0
naming_2%4, pending tasks: 0
naming_3%4, pending tasks: 0


2024-01-25 19:50:54,484 INFO PERFORMANCE:|1|1|1|588|549|392|2

2024-01-25 19:50:54,491 INFO Task worker status: 
naming_0%4, pending tasks: 0
naming_1%4, pending tasks: 0
naming_2%4, pending tasks: 0
naming_3%4, pending tasks: 0


2024-01-25 19:51:54,495 INFO PERFORMANCE:|1|1|1|607|538|398|2

2024-01-25 19:51:54,500 INFO Task worker status: 
naming_0%4, pending tasks: 0
naming_1%4, pending tasks: 0
naming_2%4, pending tasks: 0
naming_3%4, pending tasks: 0


2024-01-25 19:52:54,504 INFO PERFORMANCE:|1|1|1|582|552|404|2

2024-01-25 19:52:54,510 INFO Task worker status: 
naming_0%4, pending tasks: 0
naming_1%4, pending tasks: 0
naming_2%4, pending tasks: 0
naming_3%4, pending tasks: 0


2024-01-25 19:53:54,513 INFO PERFORMANCE:|1|1|1|611|565|410|2

2024-01-25 19:53:54,518 INFO Task worker status: 
naming_0%4, pending tasks: 0
naming_1%4, pending tasks: 0
naming_2%4, pending tasks: 0
naming_3%4, pending tasks: 0


2024-01-25 19:54:54,523 INFO PERFORMANCE:|1|1|1|670|591|416|2

2024-01-25 19:54:54,531 INFO Task worker status: 
naming_0%4, pending tasks: 0
naming_1%4, pending tasks: 0
naming_2%4, pending tasks: 0
naming_3%4, pending tasks: 0


2024-01-25 19:55:54,531 INFO PERFORMANCE:|1|1|1|604|557|422|2

2024-01-25 19:55:54,537 INFO Task worker status: 
naming_0%4, pending tasks: 0
naming_1%4, pending tasks: 0
naming_2%4, pending tasks: 0
naming_3%4, pending tasks: 0


2024-01-25 19:56:54,538 INFO PERFORMANCE:|1|1|1|600|554|428|2

2024-01-25 19:56:54,545 INFO Task worker status: 
naming_0%4, pending tasks: 0
naming_1%4, pending tasks: 0
naming_2%4, pending tasks: 0
naming_3%4, pending tasks: 0


2024-01-25 19:57:54,549 INFO PERFORMANCE:|serviceCount|ipCount|subscribeCount|maxPushCost|avgPushCost|totalPushCount|failPushCount

2024-01-25 19:57:54,557 INFO PERFORMANCE:|1|1|1|604|568|434|2

2024-01-25 19:57:54,557 INFO Task worker status: 
naming_0%4, pending tasks: 0
naming_1%4, pending tasks: 0
naming_2%4, pending tasks: 0
naming_3%4, pending tasks: 0


2024-01-25 19:58:54,560 INFO PERFORMANCE:|1|1|1|599|566|440|2

2024-01-25 19:58:54,563 INFO Task worker status: 
naming_0%4, pending tasks: 0
naming_1%4, pending tasks: 0
naming_2%4, pending tasks: 0
naming_3%4, pending tasks: 0


2024-01-25 19:59:54,568 INFO PERFORMANCE:|3|3|5|592|558|460|2

2024-01-25 19:59:54,569 INFO Task worker status: 
naming_0%4, pending tasks: 0
naming_1%4, pending tasks: 0
naming_2%4, pending tasks: 0
naming_3%4, pending tasks: 0


2024-01-25 20:00:54,573 INFO PERFORMANCE:|3|3|5|600|561|490|2

2024-01-25 20:00:54,575 INFO Task worker status: 
naming_0%4, pending tasks: 0
naming_1%4, pending tasks: 0
naming_2%4, pending tasks: 0
naming_3%4, pending tasks: 0


2024-01-25 20:01:54,579 INFO PERFORMANCE:|3|3|6|608|546|521|2

2024-01-25 20:01:54,579 INFO Task worker status: 
naming_0%4, pending tasks: 0
naming_1%4, pending tasks: 0
naming_2%4, pending tasks: 0
naming_3%4, pending tasks: 0


2024-01-25 20:02:54,581 INFO PERFORMANCE:|3|3|7|668|558|562|2

2024-01-25 20:02:54,587 INFO Task worker status: 
naming_0%4, pending tasks: 0
naming_1%4, pending tasks: 0
naming_2%4, pending tasks: 0
naming_3%4, pending tasks: 0


2024-01-25 20:03:54,587 INFO PERFORMANCE:|3|3|7|613|556|601|2

2024-01-25 20:03:54,587 INFO Task worker status: 
naming_0%4, pending tasks: 0
naming_1%4, pending tasks: 0
naming_2%4, pending tasks: 0
naming_3%4, pending tasks: 0


2024-01-25 20:04:55,171 INFO PERFORMANCE:|3|3|7|612|569|637|2

2024-01-25 20:04:55,193 INFO Task worker status: 
naming_0%4, pending tasks: 0
naming_1%4, pending tasks: 0
naming_2%4, pending tasks: 0
naming_3%4, pending tasks: 0


2024-01-25 20:05:55,198 INFO PERFORMANCE:|3|1|8|625|547|681|2

2024-01-25 20:05:55,199 INFO Task worker status: 
naming_0%4, pending tasks: 0
naming_1%4, pending tasks: 0
naming_2%4, pending tasks: 0
naming_3%4, pending tasks: 0


2024-01-25 20:06:57,145 INFO PERFORMANCE:|0|0|0|582|548|684|4

2024-01-25 20:06:57,145 INFO Task worker status: 
naming_0%4, pending tasks: 0
naming_1%4, pending tasks: 0
naming_2%4, pending tasks: 0
naming_3%4, pending tasks: 0


2024-01-25 20:07:57,145 INFO PERFORMANCE:|serviceCount|ipCount|subscribeCount|maxPushCost|avgPushCost|totalPushCount|failPushCount

2024-01-25 20:07:57,145 INFO PERFORMANCE:|0|0|0|-1|-1|684|4

2024-01-25 20:07:57,145 INFO Task worker status: 
naming_0%4, pending tasks: 0
naming_1%4, pending tasks: 0
naming_2%4, pending tasks: 0
naming_3%4, pending tasks: 0


2024-01-25 20:08:57,146 INFO PERFORMANCE:|0|0|0|-1|-1|684|4

2024-01-25 20:08:57,148 INFO Task worker status: 
naming_0%4, pending tasks: 0
naming_1%4, pending tasks: 0
naming_2%4, pending tasks: 0
naming_3%4, pending tasks: 0


2024-01-25 20:09:57,150 INFO PERFORMANCE:|0|0|0|-1|-1|684|4

2024-01-25 20:09:57,156 INFO Task worker status: 
naming_0%4, pending tasks: 0
naming_1%4, pending tasks: 0
naming_2%4, pending tasks: 0
naming_3%4, pending tasks: 0


2024-01-25 20:10:57,161 INFO PERFORMANCE:|0|0|0|-1|-1|684|4

2024-01-25 20:10:57,167 INFO Task worker status: 
naming_0%4, pending tasks: 0
naming_1%4, pending tasks: 0
naming_2%4, pending tasks: 0
naming_3%4, pending tasks: 0


2024-01-25 20:11:57,171 INFO PERFORMANCE:|0|0|0|-1|-1|684|4

2024-01-25 20:11:57,177 INFO Task worker status: 
naming_0%4, pending tasks: 0
naming_1%4, pending tasks: 0
naming_2%4, pending tasks: 0
naming_3%4, pending tasks: 0


