2024-01-25 18:02:14,627 INFO Register tps control,pointName=CONFIG_PUSH_COUNT, point=com.alibaba.nacos.core.remote.control.TpsMonitorPoint@4a3be6a5 

2024-01-25 18:02:14,628 INFO Load rule from local,pointName=CONFIG_PUSH_COUNT, ruleContent= 

2024-01-25 18:02:14,628 INFO Apply tps control rule parse start,pointName=[CONFIG_PUSH_COUNT]  

2024-01-25 18:02:14,628 INFO Clear point  control rule ,pointName=[CONFIG_PUSH_COUNT]  

2024-01-25 18:02:14,628 INFO Clear point  control rule for monitorKeys, pointName=[CONFIG_PUSH_COUNT]  

2024-01-25 18:02:14,628 INFO Register tps control,pointName=CONFIG_PUSH_SUCCESS, point=com.alibaba.nacos.core.remote.control.TpsMonitorPoint@7cf162bc 

2024-01-25 18:02:14,628 INFO Load rule from local,pointName=CONFIG_PUSH_SUCCESS, ruleContent= 

2024-01-25 18:02:14,628 INFO Apply tps control rule parse start,pointName=[CONFIG_PUSH_SUCCESS]  

2024-01-25 18:02:14,628 INFO Clear point  control rule ,pointName=[CONFIG_PUSH_SUCCESS]  

2024-01-25 18:02:14,628 INFO Clear point  control rule for monitorKeys, pointName=[CONFIG_PUSH_SUCCESS]  

2024-01-25 18:02:14,629 INFO Register tps control,pointName=CONFIG_PUSH_FAIL, point=com.alibaba.nacos.core.remote.control.TpsMonitorPoint@3721177d 

2024-01-25 18:02:14,629 INFO Load rule from local,pointName=CONFIG_PUSH_FAIL, ruleContent= 

2024-01-25 18:02:14,629 INFO Apply tps control rule parse start,pointName=[CONFIG_PUSH_FAIL]  

2024-01-25 18:02:14,629 INFO Clear point  control rule ,pointName=[CONFIG_PUSH_FAIL]  

2024-01-25 18:02:14,629 INFO Clear point  control rule for monitorKeys, pointName=[CONFIG_PUSH_FAIL]  

2024-01-25 18:07:19,019 INFO Register tps control,pointName=CONFIG_PUSH_COUNT, point=com.alibaba.nacos.core.remote.control.TpsMonitorPoint@4a3be6a5 

2024-01-25 18:07:19,019 INFO Load rule from local,pointName=CONFIG_PUSH_COUNT, ruleContent= 

2024-01-25 18:07:19,020 INFO Apply tps control rule parse start,pointName=[CONFIG_PUSH_COUNT]  

2024-01-25 18:07:19,020 INFO Clear point  control rule ,pointName=[CONFIG_PUSH_COUNT]  

2024-01-25 18:07:19,020 INFO Clear point  control rule for monitorKeys, pointName=[CONFIG_PUSH_COUNT]  

2024-01-25 18:07:19,020 INFO Register tps control,pointName=CONFIG_PUSH_SUCCESS, point=com.alibaba.nacos.core.remote.control.TpsMonitorPoint@7cf162bc 

2024-01-25 18:07:19,020 INFO Load rule from local,pointName=CONFIG_PUSH_SUCCESS, ruleContent= 

2024-01-25 18:07:19,020 INFO Apply tps control rule parse start,pointName=[CONFIG_PUSH_SUCCESS]  

2024-01-25 18:07:19,020 INFO Clear point  control rule ,pointName=[CONFIG_PUSH_SUCCESS]  

2024-01-25 18:07:19,020 INFO Clear point  control rule for monitorKeys, pointName=[CONFIG_PUSH_SUCCESS]  

2024-01-25 18:07:19,020 INFO Register tps control,pointName=CONFIG_PUSH_FAIL, point=com.alibaba.nacos.core.remote.control.TpsMonitorPoint@3721177d 

2024-01-25 18:07:19,020 INFO Load rule from local,pointName=CONFIG_PUSH_FAIL, ruleContent= 

2024-01-25 18:07:19,020 INFO Apply tps control rule parse start,pointName=[CONFIG_PUSH_FAIL]  

2024-01-25 18:07:19,020 INFO Clear point  control rule ,pointName=[CONFIG_PUSH_FAIL]  

2024-01-25 18:07:19,020 INFO Clear point  control rule for monitorKeys, pointName=[CONFIG_PUSH_FAIL]  

2024-01-25 18:07:25,464 INFO Register tps control,pointName=ConfigQuery, point=com.alibaba.nacos.core.remote.control.TpsMonitorPoint@3ee69ad8 

2024-01-25 18:07:25,465 INFO Load rule from local,pointName=ConfigQuery, ruleContent= 

2024-01-25 18:07:25,465 INFO Apply tps control rule parse start,pointName=[ConfigQuery]  

2024-01-25 18:07:25,465 INFO Clear point  control rule ,pointName=[ConfigQuery]  

2024-01-25 18:07:25,465 INFO Clear point  control rule for monitorKeys, pointName=[ConfigQuery]  

2024-01-25 18:07:25,465 INFO Register tps control,pointName=ClusterConfigChangeNotify, point=com.alibaba.nacos.core.remote.control.TpsMonitorPoint@f679798 

2024-01-25 18:07:25,465 INFO Load rule from local,pointName=ClusterConfigChangeNotify, ruleContent= 

2024-01-25 18:07:25,465 INFO Apply tps control rule parse start,pointName=[ClusterConfigChangeNotify]  

2024-01-25 18:07:25,465 INFO Clear point  control rule ,pointName=[ClusterConfigChangeNotify]  

2024-01-25 18:07:25,466 INFO Clear point  control rule for monitorKeys, pointName=[ClusterConfigChangeNotify]  

2024-01-25 18:07:25,466 INFO Register tps control,pointName=ConfigListen, point=com.alibaba.nacos.core.remote.control.TpsMonitorPoint@1a6cf771 

2024-01-25 18:07:25,466 INFO Load rule from local,pointName=ConfigListen, ruleContent= 

2024-01-25 18:07:25,466 INFO Apply tps control rule parse start,pointName=[ConfigListen]  

2024-01-25 18:07:25,466 INFO Clear point  control rule ,pointName=[ConfigListen]  

2024-01-25 18:07:25,467 INFO Clear point  control rule for monitorKeys, pointName=[ConfigListen]  

2024-01-25 18:07:25,467 INFO Register tps control,pointName=ConfigRemove, point=com.alibaba.nacos.core.remote.control.TpsMonitorPoint@59d77850 

2024-01-25 18:07:25,467 INFO Load rule from local,pointName=ConfigRemove, ruleContent= 

2024-01-25 18:07:25,467 INFO Apply tps control rule parse start,pointName=[ConfigRemove]  

2024-01-25 18:07:25,468 INFO Clear point  control rule ,pointName=[ConfigRemove]  

2024-01-25 18:07:25,468 INFO Clear point  control rule for monitorKeys, pointName=[ConfigRemove]  

2024-01-25 18:07:25,468 INFO Register tps control,pointName=ConfigPublish, point=com.alibaba.nacos.core.remote.control.TpsMonitorPoint@53ed09e8 

2024-01-25 18:07:25,468 INFO Load rule from local,pointName=ConfigPublish, ruleContent= 

2024-01-25 18:07:25,468 INFO Apply tps control rule parse start,pointName=[ConfigPublish]  

2024-01-25 18:07:25,468 INFO Clear point  control rule ,pointName=[ConfigPublish]  

2024-01-25 18:07:25,468 INFO Clear point  control rule for monitorKeys, pointName=[ConfigPublish]  

2024-01-25 18:07:25,468 INFO Register tps control,pointName=HealthCheck, point=com.alibaba.nacos.core.remote.control.TpsMonitorPoint@60859f5a 

2024-01-25 18:07:25,469 INFO Load rule from local,pointName=HealthCheck, ruleContent= 

2024-01-25 18:07:25,469 INFO Apply tps control rule parse start,pointName=[HealthCheck]  

2024-01-25 18:07:25,469 INFO Clear point  control rule ,pointName=[HealthCheck]  

2024-01-25 18:07:25,469 INFO Clear point  control rule for monitorKeys, pointName=[HealthCheck]  

2024-01-25 18:07:29,011 INFO Load rule from local,pointName=ConfigRemove, ruleContent= 

2024-01-25 18:07:29,011 INFO Apply tps control rule parse start,pointName=[ConfigRemove]  

2024-01-25 18:07:29,011 INFO Clear point  control rule ,pointName=[ConfigRemove]  

2024-01-25 18:07:29,011 INFO Clear point  control rule for monitorKeys, pointName=[ConfigRemove]  

2024-01-25 18:07:29,011 INFO Load rule from local,pointName=ClusterConfigChangeNotify, ruleContent= 

2024-01-25 18:07:29,011 INFO Apply tps control rule parse start,pointName=[ClusterConfigChangeNotify]  

2024-01-25 18:07:29,011 INFO Clear point  control rule ,pointName=[ClusterConfigChangeNotify]  

2024-01-25 18:07:29,011 INFO Clear point  control rule for monitorKeys, pointName=[ClusterConfigChangeNotify]  

2024-01-25 18:07:29,011 INFO Load rule from local,pointName=HealthCheck, ruleContent= 

2024-01-25 18:07:29,011 INFO Apply tps control rule parse start,pointName=[HealthCheck]  

2024-01-25 18:07:29,011 INFO Clear point  control rule ,pointName=[HealthCheck]  

2024-01-25 18:07:29,011 INFO Clear point  control rule for monitorKeys, pointName=[HealthCheck]  

2024-01-25 18:07:29,011 INFO Load rule from local,pointName=ConfigPublish, ruleContent= 

2024-01-25 18:07:29,012 INFO Apply tps control rule parse start,pointName=[ConfigPublish]  

2024-01-25 18:07:29,012 INFO Clear point  control rule ,pointName=[ConfigPublish]  

2024-01-25 18:07:29,012 INFO Clear point  control rule for monitorKeys, pointName=[ConfigPublish]  

2024-01-25 18:07:29,012 INFO Load rule from local,pointName=ConfigQuery, ruleContent= 

2024-01-25 18:07:29,012 INFO Apply tps control rule parse start,pointName=[ConfigQuery]  

2024-01-25 18:07:29,012 INFO Clear point  control rule ,pointName=[ConfigQuery]  

2024-01-25 18:07:29,012 INFO Clear point  control rule for monitorKeys, pointName=[ConfigQuery]  

2024-01-25 18:07:29,012 INFO Load rule from local,pointName=ConfigListen, ruleContent= 

2024-01-25 18:07:29,013 INFO Apply tps control rule parse start,pointName=[ConfigListen]  

2024-01-25 18:07:29,013 INFO Clear point  control rule ,pointName=[ConfigListen]  

2024-01-25 18:07:29,013 INFO Clear point  control rule for monitorKeys, pointName=[ConfigListen]  

2024-01-25 18:10:19,440 INFO Register tps control,pointName=NAMING_RPC_PUSH, point=com.alibaba.nacos.core.remote.control.TpsMonitorPoint@2c6f6d38 

2024-01-25 18:10:19,441 INFO Load rule from local,pointName=NAMING_RPC_PUSH, ruleContent= 

2024-01-25 18:10:19,441 INFO Apply tps control rule parse start,pointName=[NAMING_RPC_PUSH]  

2024-01-25 18:10:19,442 INFO Clear point  control rule ,pointName=[NAMING_RPC_PUSH]  

2024-01-25 18:10:19,442 INFO Clear point  control rule for monitorKeys, pointName=[NAMING_RPC_PUSH]  

2024-01-25 18:10:19,442 INFO Register tps control,pointName=NAMING_RPC_PUSH_SUCCESS, point=com.alibaba.nacos.core.remote.control.TpsMonitorPoint@478ba63d 

2024-01-25 18:10:19,443 INFO Load rule from local,pointName=NAMING_RPC_PUSH_SUCCESS, ruleContent= 

2024-01-25 18:10:19,443 INFO Apply tps control rule parse start,pointName=[NAMING_RPC_PUSH_SUCCESS]  

2024-01-25 18:10:19,443 INFO Clear point  control rule ,pointName=[NAMING_RPC_PUSH_SUCCESS]  

2024-01-25 18:10:19,443 INFO Clear point  control rule for monitorKeys, pointName=[NAMING_RPC_PUSH_SUCCESS]  

2024-01-25 18:10:19,443 INFO Register tps control,pointName=NAMING_RPC_PUSH_FAIL, point=com.alibaba.nacos.core.remote.control.TpsMonitorPoint@52e58d95 

2024-01-25 18:10:19,445 INFO Load rule from local,pointName=NAMING_RPC_PUSH_FAIL, ruleContent= 

2024-01-25 18:10:19,445 INFO Apply tps control rule parse start,pointName=[NAMING_RPC_PUSH_FAIL]  

2024-01-25 18:10:19,445 INFO Clear point  control rule ,pointName=[NAMING_RPC_PUSH_FAIL]  

2024-01-25 18:10:19,445 INFO Clear point  control rule for monitorKeys, pointName=[NAMING_RPC_PUSH_FAIL]  

2024-01-25 18:10:19,445 INFO Register tps control,pointName=NAMING_UDP_PUSH, point=com.alibaba.nacos.core.remote.control.TpsMonitorPoint@14435d62 

2024-01-25 18:10:19,446 INFO Load rule from local,pointName=NAMING_UDP_PUSH, ruleContent= 

2024-01-25 18:10:19,446 INFO Apply tps control rule parse start,pointName=[NAMING_UDP_PUSH]  

2024-01-25 18:10:19,446 INFO Clear point  control rule ,pointName=[NAMING_UDP_PUSH]  

2024-01-25 18:10:19,446 INFO Clear point  control rule for monitorKeys, pointName=[NAMING_UDP_PUSH]  

2024-01-25 18:10:19,446 INFO Register tps control,pointName=NAMING_UDP_PUSH_SUCCESS, point=com.alibaba.nacos.core.remote.control.TpsMonitorPoint@4392e47f 

2024-01-25 18:10:19,446 INFO Load rule from local,pointName=NAMING_UDP_PUSH_SUCCESS, ruleContent= 

2024-01-25 18:10:19,446 INFO Apply tps control rule parse start,pointName=[NAMING_UDP_PUSH_SUCCESS]  

2024-01-25 18:10:19,446 INFO Clear point  control rule ,pointName=[NAMING_UDP_PUSH_SUCCESS]  

2024-01-25 18:10:19,446 INFO Clear point  control rule for monitorKeys, pointName=[NAMING_UDP_PUSH_SUCCESS]  

2024-01-25 18:10:19,446 INFO Register tps control,pointName=NAMING_UDP_PUSH_FAIL, point=com.alibaba.nacos.core.remote.control.TpsMonitorPoint@5932187e 

2024-01-25 18:10:19,447 INFO Load rule from local,pointName=NAMING_UDP_PUSH_FAIL, ruleContent= 

2024-01-25 18:10:19,447 INFO Apply tps control rule parse start,pointName=[NAMING_UDP_PUSH_FAIL]  

2024-01-25 18:10:19,447 INFO Clear point  control rule ,pointName=[NAMING_UDP_PUSH_FAIL]  

2024-01-25 18:10:19,447 INFO Clear point  control rule for monitorKeys, pointName=[NAMING_UDP_PUSH_FAIL]  

2024-01-25 18:10:29,007 INFO Load rule from local,pointName=NAMING_RPC_PUSH, ruleContent= 

2024-01-25 18:10:29,007 INFO Apply tps control rule parse start,pointName=[NAMING_RPC_PUSH]  

2024-01-25 18:10:29,007 INFO Clear point  control rule ,pointName=[NAMING_RPC_PUSH]  

2024-01-25 18:10:29,007 INFO Clear point  control rule for monitorKeys, pointName=[NAMING_RPC_PUSH]  

2024-01-25 18:10:29,008 INFO Load rule from local,pointName=NAMING_UDP_PUSH, ruleContent= 

2024-01-25 18:10:29,008 INFO Apply tps control rule parse start,pointName=[NAMING_UDP_PUSH]  

2024-01-25 18:10:29,008 INFO Clear point  control rule ,pointName=[NAMING_UDP_PUSH]  

2024-01-25 18:10:29,008 INFO Clear point  control rule for monitorKeys, pointName=[NAMING_UDP_PUSH]  

2024-01-25 18:10:29,008 INFO Load rule from local,pointName=NAMING_UDP_PUSH_FAIL, ruleContent= 

2024-01-25 18:10:29,008 INFO Apply tps control rule parse start,pointName=[NAMING_UDP_PUSH_FAIL]  

2024-01-25 18:10:29,008 INFO Clear point  control rule ,pointName=[NAMING_UDP_PUSH_FAIL]  

2024-01-25 18:10:29,008 INFO Clear point  control rule for monitorKeys, pointName=[NAMING_UDP_PUSH_FAIL]  

2024-01-25 18:10:29,008 INFO Load rule from local,pointName=NAMING_UDP_PUSH_SUCCESS, ruleContent= 

2024-01-25 18:10:29,008 INFO Apply tps control rule parse start,pointName=[NAMING_UDP_PUSH_SUCCESS]  

2024-01-25 18:10:29,008 INFO Clear point  control rule ,pointName=[NAMING_UDP_PUSH_SUCCESS]  

2024-01-25 18:10:29,008 INFO Clear point  control rule for monitorKeys, pointName=[NAMING_UDP_PUSH_SUCCESS]  

2024-01-25 18:10:29,008 INFO Load rule from local,pointName=NAMING_RPC_PUSH_SUCCESS, ruleContent= 

2024-01-25 18:10:29,009 INFO Apply tps control rule parse start,pointName=[NAMING_RPC_PUSH_SUCCESS]  

2024-01-25 18:10:29,009 INFO Clear point  control rule ,pointName=[NAMING_RPC_PUSH_SUCCESS]  

2024-01-25 18:10:29,009 INFO Clear point  control rule for monitorKeys, pointName=[NAMING_RPC_PUSH_SUCCESS]  

2024-01-25 18:10:29,009 INFO Load rule from local,pointName=NAMING_RPC_PUSH_FAIL, ruleContent= 

2024-01-25 18:10:29,009 INFO Apply tps control rule parse start,pointName=[NAMING_RPC_PUSH_FAIL]  

2024-01-25 18:10:29,009 INFO Clear point  control rule ,pointName=[NAMING_RPC_PUSH_FAIL]  

2024-01-25 18:10:29,009 INFO Clear point  control rule for monitorKeys, pointName=[NAMING_RPC_PUSH_FAIL]  

